0 info it worked if it ends with ok
1 verbose cli [ '/Users/robertolopezgutierrez/.nvm/versions/node/v6.3.0/bin/node',
1 verbose cli   '/Users/robertolopezgutierrez/.nvm/versions/node/v6.3.0/bin/npm',
1 verbose cli   'i',
1 verbose cli   '.gitignore' ]
2 info using npm@3.10.3
3 info using node@v6.3.0
4 silly loadCurrentTree Starting
5 silly install loadCurrentTree
6 silly install readLocalPackageData
7 silly fetchPackageMetaData .gitignore
8 silly fetchOtherPackageData .gitignore
9 silly cache add args [ '.gitignore', null ]
10 verbose cache add spec .gitignore
11 silly cache add parsed spec Result {
11 silly cache add   raw: '.gitignore',
11 silly cache add   scope: null,
11 silly cache add   escapedName: null,
11 silly cache add   name: null,
11 silly cache add   rawSpec: '.gitignore',
11 silly cache add   spec: '/Users/robertolopezgutierrez/project/codetrotters/Record-medico/.gitignore',
11 silly cache add   type: 'local' }
12 error addLocal Could not install /Users/robertolopezgutierrez/project/codetrotters/Record-medico/.gitignore
13 silly fetchPackageMetaData Error: ENOENT: no such file or directory, open '/Users/robertolopezgutierrez/project/codetrotters/Record-medico/.gitignore'
13 silly fetchPackageMetaData     at Error (native)
13 silly fetchPackageMetaData  error for .gitignore { Error: ENOENT: no such file or directory, open '/Users/robertolopezgutierrez/project/codetrotters/Record-medico/.gitignore'
13 silly fetchPackageMetaData     at Error (native)
13 silly fetchPackageMetaData   errno: -2,
13 silly fetchPackageMetaData   code: 'ENOENT',
13 silly fetchPackageMetaData   syscall: 'open',
13 silly fetchPackageMetaData   path: '/Users/robertolopezgutierrez/project/codetrotters/Record-medico/.gitignore' }
14 silly rollbackFailedOptional Starting
15 silly rollbackFailedOptional Finishing
16 silly runTopLevelLifecycles Starting
17 silly runTopLevelLifecycles Finishing
18 silly install printInstalled
19 verbose stack Error: ENOENT: no such file or directory, open '/Users/robertolopezgutierrez/project/codetrotters/Record-medico/.gitignore'
19 verbose stack     at Error (native)
20 verbose cwd /Users/robertolopezgutierrez/project/codetrotters/Record-medico
21 error Darwin 14.5.0
22 error argv "/Users/robertolopezgutierrez/.nvm/versions/node/v6.3.0/bin/node" "/Users/robertolopezgutierrez/.nvm/versions/node/v6.3.0/bin/npm" "i" ".gitignore"
23 error node v6.3.0
24 error npm  v3.10.3
25 error path /Users/robertolopezgutierrez/project/codetrotters/Record-medico/.gitignore
26 error code ENOENT
27 error errno -2
28 error syscall open
29 error enoent ENOENT: no such file or directory, open '/Users/robertolopezgutierrez/project/codetrotters/Record-medico/.gitignore'
30 error enoent ENOENT: no such file or directory, open '/Users/robertolopezgutierrez/project/codetrotters/Record-medico/.gitignore'
30 error enoent This is most likely not a problem with npm itself
30 error enoent and is related to npm not being able to find a file.
31 verbose exit [ -2, true ]
